2022-03-08 14:17:42,001:INFO:PyCaret Supervised Module
2022-03-08 14:17:42,003:INFO:ML Usecase: regression
2022-03-08 14:17:42,003:INFO:version 2.3.6
2022-03-08 14:17:42,004:INFO:Initializing setup()
2022-03-08 14:17:42,004:INFO:setup(target=charges, ml_usecase=regression, available_plots={'parameter': 'Hyperparameters', 'residuals': 'Residuals', 'error': 'Prediction Error', 'cooks': 'Cooks Distance', 'rfe': 'Feature Selection', 'learning': 'Learning Curve', 'manifold': 'Manifold Learning', 'vc': 'Validation Curve', 'feature': 'Feature Importance', 'feature_all': 'Feature Importance (All)', 'tree': 'Decision Tree', 'residuals_interactive': 'Interactive Residuals'}, train_size=0.7, test_data=None, preprocess=True, imputation_type=simple, iterative_imputation_iters=5, categorical_features=None, categorical_imputation=constant, categorical_iterative_imputer=lightgbm, ordinal_features=None, high_cardinality_features=None, high_cardinality_method=frequency, numeric_features=None, numeric_imputation=mean, numeric_iterative_imputer=lightgbm, date_features=None, ignore_features=None, normalize=False, normalize_method=zscore, transformation=False, transformation_method=yeo-johnson, handle_unknown_categorical=True, unknown_categorical_method=least_frequent, pca=False, pca_method=linear, pca_components=None, ignore_low_variance=False, combine_rare_levels=False, rare_level_threshold=0.1, bin_numeric_features=None, remove_outliers=False, outliers_threshold=0.05, remove_multicollinearity=False, multicollinearity_threshold=0.9, remove_perfect_collinearity=True, create_clusters=False, cluster_iter=20, polynomial_features=False, polynomial_degree=2, trigonometry_features=False, polynomial_threshold=0.1, group_features=None, group_names=None, feature_selection=False, feature_selection_threshold=0.8, feature_selection_method=classic, feature_interaction=False, feature_ratio=False, interaction_threshold=0.01, fix_imbalance=False, fix_imbalance_method=None, transform_target=False, transform_target_method=box-cox, data_split_shuffle=True, data_split_stratify=False, fold_strategy=kfold, fold=10, fold_shuffle=False, fold_groups=None, n_jobs=-1, use_gpu=False, custom_pipeline=None, html=True, session_id=123, log_experiment=False, experiment_name=None, log_plots=False, log_profile=False, log_data=False, silent=False, verbose=True, profile=False, profile_kwargs=None, display=None)
2022-03-08 14:17:42,095:INFO:Checking environment
2022-03-08 14:17:42,095:INFO:python_version: 3.8.3
2022-03-08 14:17:42,095:INFO:python_build: ('tags/v3.8.3:6f8c832', 'May 13 2020 22:37:02')
2022-03-08 14:17:42,095:INFO:machine: AMD64
2022-03-08 14:17:42,095:INFO:platform: Windows-10-10.0.22000-SP0
2022-03-08 14:17:42,095:INFO:Memory: svmem(total=6323187712, available=940179456, percent=85.1, used=5383008256, free=940179456)
2022-03-08 14:17:42,095:INFO:Physical Core: 2
2022-03-08 14:17:42,095:INFO:Logical Core: 4
2022-03-08 14:17:42,095:INFO:Checking libraries
2022-03-08 14:17:42,095:INFO:pd==1.3.5
2022-03-08 14:17:42,095:INFO:numpy==1.19.5
2022-03-08 14:17:42,095:INFO:sklearn==0.23.2
2022-03-08 14:17:42,095:INFO:lightgbm==3.3.2
2022-03-08 14:17:42,095:WARNING:catboost not found
2022-03-08 14:17:42,095:WARNING:xgboost not found
2022-03-08 14:17:45,298:INFO:mlflow==1.23.1
2022-03-08 14:17:45,298:INFO:Checking Exceptions
2022-03-08 14:17:45,298:INFO:Declaring global variables
2022-03-08 14:17:45,298:INFO:USI: 4f1d
2022-03-08 14:17:45,298:INFO:pycaret_globals: {'imputation_classifier', '_all_models_internal', 'fold_param', 'fix_imbalance_param', 'exp_name_log', 'fold_generator', 'experiment__', 'data_before_preprocess', 'stratify_param', 'fold_groups_param', '_internal_pipeline', 'X', 'USI', 'iterative_imputation_iters_param', 'fix_imbalance_method_param', 'pycaret_globals', 'imputation_regressor', 'fold_groups_param_full', 'y_test', 'y', '_all_models', 'html_param', 'X_train', 'n_jobs_param', 'target_param', 'gpu_param', 'display_container', 'log_plots_param', 'prep_pipe', 'transform_target_method_param', '_all_metrics', 'X_test', 'master_model_container', '_gpu_n_jobs_param', 'fold_shuffle_param', '_available_plots', 'y_train', 'logging_param', '_ml_usecase', 'transform_target_param', 'seed', 'create_model_container'}
2022-03-08 14:17:45,298:INFO:Preparing display monitor
2022-03-08 14:17:45,298:INFO:Preparing display monitor
2022-03-08 14:17:45,336:INFO:Importing libraries
2022-03-08 14:17:45,336:INFO:Copying data for preprocessing
2022-03-08 14:17:45,378:INFO:Declaring preprocessing parameters
2022-03-08 14:17:45,381:INFO:Creating preprocessing pipeline
2022-03-08 14:17:45,390:INFO:Preprocessing pipeline created successfully
2022-03-08 14:17:45,390:ERROR:(Process Exit): setup has been interupted with user command 'quit'. setup must rerun.
2022-03-08 14:17:45,391:INFO:Creating global containers
2022-03-08 14:17:45,421:INFO:Internal pipeline: Pipeline(memory=None, steps=[('empty_step', 'passthrough')], verbose=False)
2022-03-08 14:18:43,621:WARNING:Couldn't import xgboost.XGBRegressor
2022-03-08 14:18:43,621:WARNING:Couldn't import catboost.CatBoostRegressor
2022-03-08 14:18:43,777:WARNING:Couldn't import xgboost.XGBRegressor
2022-03-08 14:18:43,777:WARNING:Couldn't import catboost.CatBoostRegressor
2022-03-08 14:18:43,777:INFO:Creating grid variables
2022-03-08 14:18:43,811:INFO:create_model_container: 0
2022-03-08 14:18:43,811:INFO:master_model_container: 0
2022-03-08 14:18:43,812:INFO:display_container: 1
2022-03-08 14:18:43,817:INFO:Pipeline(memory=None,
         steps=[('dtypes',
                 DataTypes_Auto_infer(categorical_features=[],
                                      display_types=True, features_todrop=[],
                                      id_columns=[], ml_usecase='regression',
                                      numerical_features=[], target='charges',
                                      time_features=[])),
                ('imputer',
                 Simple_Imputer(categorical_strategy='not_available',
                                fill_value_categorical=None,
                                fill_value_numerical=None,
                                numeric_strategy...
                ('scaling', 'passthrough'), ('P_transform', 'passthrough'),
                ('binn', 'passthrough'), ('rem_outliers', 'passthrough'),
                ('cluster_all', 'passthrough'),
                ('dummy', Dummify(target='charges')),
                ('fix_perfect', Remove_100(target='charges')),
                ('clean_names', Clean_Colum_Names()),
                ('feature_select', 'passthrough'), ('fix_multi', 'passthrough'),
                ('dfs', 'passthrough'), ('pca', 'passthrough')],
         verbose=False)
2022-03-08 14:18:43,817:INFO:setup() succesfully completed......................................
2022-03-08 14:18:43,937:INFO:Initializing create_model()
2022-03-08 14:18:43,938:INFO:create_model(estimator=lr, fold=None, round=4, cross_validation=True, predict=True, fit_kwargs=None, groups=None, refit=True, verbose=True, system=True, metrics=None, add_to_model_list=True, probability_threshold=None, display=None, kwargs={})
2022-03-08 14:18:43,939:INFO:Checking exceptions
2022-03-08 14:18:43,939:INFO:Preparing display monitor
2022-03-08 14:18:43,986:INFO:Importing libraries
2022-03-08 14:18:43,986:INFO:Copying training dataset
2022-03-08 14:18:43,988:INFO:Defining folds
2022-03-08 14:18:43,988:INFO:Declaring metric variables
2022-03-08 14:18:44,005:INFO:Importing untrained model
2022-03-08 14:18:44,017:INFO:Linear Regression Imported succesfully
2022-03-08 14:18:44,048:INFO:Starting cross validation
2022-03-08 14:18:44,267:INFO:Cross validating with KFold(n_splits=10, random_state=None, shuffle=False), n_jobs=-1
2022-03-08 14:18:51,534:INFO:Calculating mean and std
2022-03-08 14:18:51,550:INFO:Creating metrics dataframe
2022-03-08 14:18:51,588:INFO:Finalizing model
2022-03-08 14:18:51,628:INFO:Uploading results into container
2022-03-08 14:18:51,628:INFO:Uploading model into container now
2022-03-08 14:18:51,658:INFO:create_model_container: 1
2022-03-08 14:18:51,659:INFO:master_model_container: 1
2022-03-08 14:18:51,659:INFO:display_container: 2
2022-03-08 14:18:51,659:INFO:LinearRegression(copy_X=True, fit_intercept=True, n_jobs=-1, normalize=False)
2022-03-08 14:18:51,659:INFO:create_model() succesfully completed......................................
2022-03-08 14:18:51,796:INFO:Initializing plot_model()
2022-03-08 14:18:51,798:INFO:plot_model(fold=None, use_train_data=False, verbose=True, is_in_evaluate=False, display=None, display_format=None, estimator=LinearRegression(copy_X=True, fit_intercept=True, n_jobs=-1, normalize=False), feature_name=None, fit_kwargs=None, groups=None, label=False, plot=residuals, plot_kwargs=None, save=False, scale=1, system=True)
2022-03-08 14:18:51,798:INFO:Checking exceptions
2022-03-08 14:18:51,798:INFO:Preparing display monitor
2022-03-08 14:18:51,811:INFO:Preloading libraries
2022-03-08 14:18:51,814:INFO:Copying training dataset
2022-03-08 14:18:51,816:INFO:Copying test dataset
2022-03-08 14:18:51,817:INFO:Plot type: residuals
2022-03-08 14:18:52,685:INFO:Fitting Model
2022-03-08 14:18:52,716:INFO:Scoring test/hold-out set
2022-03-08 14:18:54,513:INFO:Visual Rendered Successfully
2022-03-08 14:18:54,622:INFO:plot_model() succesfully completed......................................
2022-03-08 14:18:54,738:INFO:PyCaret Supervised Module
2022-03-08 14:18:54,738:INFO:ML Usecase: regression
2022-03-08 14:18:54,738:INFO:version 2.3.6
2022-03-08 14:18:54,739:INFO:Initializing setup()
2022-03-08 14:18:54,739:INFO:setup(target=charges, ml_usecase=regression, available_plots={'parameter': 'Hyperparameters', 'residuals': 'Residuals', 'error': 'Prediction Error', 'cooks': 'Cooks Distance', 'rfe': 'Feature Selection', 'learning': 'Learning Curve', 'manifold': 'Manifold Learning', 'vc': 'Validation Curve', 'feature': 'Feature Importance', 'feature_all': 'Feature Importance (All)', 'tree': 'Decision Tree', 'residuals_interactive': 'Interactive Residuals'}, train_size=0.7, test_data=None, preprocess=True, imputation_type=simple, iterative_imputation_iters=5, categorical_features=None, categorical_imputation=constant, categorical_iterative_imputer=lightgbm, ordinal_features=None, high_cardinality_features=None, high_cardinality_method=frequency, numeric_features=None, numeric_imputation=mean, numeric_iterative_imputer=lightgbm, date_features=None, ignore_features=None, normalize=True, normalize_method=zscore, transformation=False, transformation_method=yeo-johnson, handle_unknown_categorical=True, unknown_categorical_method=least_frequent, pca=False, pca_method=linear, pca_components=None, ignore_low_variance=False, combine_rare_levels=False, rare_level_threshold=0.1, bin_numeric_features=['age', 'bmi'], remove_outliers=False, outliers_threshold=0.05, remove_multicollinearity=False, multicollinearity_threshold=0.9, remove_perfect_collinearity=True, create_clusters=False, cluster_iter=20, polynomial_features=True, polynomial_degree=2, trigonometry_features=True, polynomial_threshold=0.1, group_features=None, group_names=None, feature_selection=False, feature_selection_threshold=0.8, feature_selection_method=classic, feature_interaction=True, feature_ratio=False, interaction_threshold=0.01, fix_imbalance=False, fix_imbalance_method=None, transform_target=False, transform_target_method=box-cox, data_split_shuffle=True, data_split_stratify=False, fold_strategy=kfold, fold=10, fold_shuffle=False, fold_groups=None, n_jobs=-1, use_gpu=False, custom_pipeline=None, html=True, session_id=123, log_experiment=False, experiment_name=None, log_plots=False, log_profile=False, log_data=False, silent=False, verbose=True, profile=False, profile_kwargs=None, display=None)
2022-03-08 14:18:54,739:INFO:Checking environment
2022-03-08 14:18:54,739:INFO:python_version: 3.8.3
2022-03-08 14:18:54,739:INFO:python_build: ('tags/v3.8.3:6f8c832', 'May 13 2020 22:37:02')
2022-03-08 14:18:54,739:INFO:machine: AMD64
2022-03-08 14:18:54,739:INFO:platform: Windows-10-10.0.22000-SP0
2022-03-08 14:18:54,739:INFO:Memory: svmem(total=6323187712, available=845168640, percent=86.6, used=5478019072, free=845168640)
2022-03-08 14:18:54,740:INFO:Physical Core: 2
2022-03-08 14:18:54,740:INFO:Logical Core: 4
2022-03-08 14:18:54,740:INFO:Checking libraries
2022-03-08 14:18:54,740:INFO:pd==1.3.5
2022-03-08 14:18:54,740:INFO:numpy==1.19.5
2022-03-08 14:18:54,740:INFO:sklearn==0.23.2
2022-03-08 14:18:54,740:INFO:lightgbm==3.3.2
2022-03-08 14:18:54,742:WARNING:catboost not found
2022-03-08 14:18:54,745:WARNING:xgboost not found
2022-03-08 14:18:54,745:INFO:mlflow==1.23.1
2022-03-08 14:18:54,745:INFO:Checking Exceptions
2022-03-08 14:18:54,745:INFO:Declaring global variables
2022-03-08 14:18:54,746:INFO:USI: 5f92
2022-03-08 14:18:54,746:INFO:pycaret_globals: {'imputation_classifier', '_all_models_internal', 'fold_param', 'fix_imbalance_param', 'exp_name_log', 'fold_generator', 'experiment__', 'data_before_preprocess', 'stratify_param', 'fold_groups_param', '_internal_pipeline', 'X', 'USI', 'iterative_imputation_iters_param', 'fix_imbalance_method_param', 'pycaret_globals', 'imputation_regressor', 'fold_groups_param_full', 'y_test', 'y', '_all_models', 'html_param', 'X_train', 'n_jobs_param', 'target_param', 'gpu_param', 'display_container', 'log_plots_param', 'prep_pipe', 'transform_target_method_param', '_all_metrics', 'X_test', 'master_model_container', '_gpu_n_jobs_param', 'fold_shuffle_param', '_available_plots', 'y_train', 'logging_param', '_ml_usecase', 'transform_target_param', 'seed', 'create_model_container'}
2022-03-08 14:18:54,746:INFO:Preparing display monitor
2022-03-08 14:18:54,746:INFO:Preparing display monitor
2022-03-08 14:18:54,762:INFO:Importing libraries
2022-03-08 14:18:54,762:INFO:Copying data for preprocessing
2022-03-08 14:18:54,777:INFO:Declaring preprocessing parameters
2022-03-08 14:18:54,779:INFO:Creating preprocessing pipeline
2022-03-08 14:18:54,789:INFO:Preprocessing pipeline created successfully
2022-03-08 14:18:54,789:ERROR:(Process Exit): setup has been interupted with user command 'quit'. setup must rerun.
2022-03-08 14:18:54,790:INFO:Creating global containers
2022-03-08 14:18:54,790:INFO:Internal pipeline: Pipeline(memory=None, steps=[('empty_step', 'passthrough')], verbose=False)
2022-03-08 14:19:07,549:WARNING:Couldn't import xgboost.XGBRegressor
2022-03-08 14:19:07,549:WARNING:Couldn't import catboost.CatBoostRegressor
2022-03-08 14:19:07,721:WARNING:Couldn't import xgboost.XGBRegressor
2022-03-08 14:19:07,721:WARNING:Couldn't import catboost.CatBoostRegressor
2022-03-08 14:19:07,721:INFO:Creating grid variables
2022-03-08 14:19:07,746:INFO:create_model_container: 0
2022-03-08 14:19:07,747:INFO:master_model_container: 0
2022-03-08 14:19:07,747:INFO:display_container: 1
2022-03-08 14:19:07,764:INFO:Pipeline(memory=None,
         steps=[('dtypes',
                 DataTypes_Auto_infer(categorical_features=[],
                                      display_types=True, features_todrop=[],
                                      id_columns=[], ml_usecase='regression',
                                      numerical_features=[], target='charges',
                                      time_features=[])),
                ('imputer',
                 Simple_Imputer(categorical_strategy='not_available',
                                fill_value_categorical=None,
                                fill_value_numerical=None,
                                numeric_strategy...
                ('dummy', Dummify(target='charges')),
                ('fix_perfect', Remove_100(target='charges')),
                ('clean_names', Clean_Colum_Names()),
                ('feature_select', 'passthrough'), ('fix_multi', 'passthrough'),
                ('dfs',
                 DFS_Classic(interactions=['multiply'], ml_usecase='regression',
                             n_jobs=-1, random_state=123, subclass='binary',
                             target='charges',
                             top_features_to_pick_percentage=None)),
                ('pca', 'passthrough')],
         verbose=False)
2022-03-08 14:19:07,764:INFO:setup() succesfully completed......................................
2022-03-08 14:19:35,103:INFO:Initializing create_model()
2022-03-08 14:19:35,104:INFO:create_model(estimator=lr, fold=None, round=4, cross_validation=True, predict=True, fit_kwargs=None, groups=None, refit=True, verbose=True, system=True, metrics=None, add_to_model_list=True, probability_threshold=None, display=None, kwargs={})
2022-03-08 14:19:35,104:INFO:Checking exceptions
2022-03-08 14:19:35,104:INFO:Preparing display monitor
2022-03-08 14:19:35,147:INFO:Importing libraries
2022-03-08 14:19:35,147:INFO:Copying training dataset
2022-03-08 14:19:35,150:INFO:Defining folds
2022-03-08 14:19:35,150:INFO:Declaring metric variables
2022-03-08 14:19:35,180:INFO:Importing untrained model
2022-03-08 14:19:35,200:INFO:Linear Regression Imported succesfully
2022-03-08 14:19:35,240:INFO:Starting cross validation
2022-03-08 14:19:35,243:INFO:Cross validating with KFold(n_splits=10, random_state=None, shuffle=False), n_jobs=-1
2022-03-08 14:19:35,417:INFO:Calculating mean and std
2022-03-08 14:19:35,417:INFO:Creating metrics dataframe
2022-03-08 14:19:35,441:INFO:Finalizing model
2022-03-08 14:19:35,477:INFO:Uploading results into container
2022-03-08 14:19:35,478:INFO:Uploading model into container now
2022-03-08 14:19:35,524:INFO:create_model_container: 1
2022-03-08 14:19:35,524:INFO:master_model_container: 1
2022-03-08 14:19:35,525:INFO:display_container: 2
2022-03-08 14:19:35,526:INFO:LinearRegression(copy_X=True, fit_intercept=True, n_jobs=-1, normalize=False)
2022-03-08 14:19:35,526:INFO:create_model() succesfully completed......................................
2022-03-08 14:19:36,100:INFO:Initializing plot_model()
2022-03-08 14:19:36,100:INFO:plot_model(fold=None, use_train_data=False, verbose=True, is_in_evaluate=False, display=None, display_format=None, estimator=LinearRegression(copy_X=True, fit_intercept=True, n_jobs=-1, normalize=False), feature_name=None, fit_kwargs=None, groups=None, label=False, plot=residuals, plot_kwargs=None, save=False, scale=1, system=True)
2022-03-08 14:19:36,100:INFO:Checking exceptions
2022-03-08 14:19:36,100:INFO:Preparing display monitor
2022-03-08 14:19:36,114:INFO:Preloading libraries
2022-03-08 14:19:36,117:INFO:Copying training dataset
2022-03-08 14:19:36,119:INFO:Copying test dataset
2022-03-08 14:19:36,120:INFO:Plot type: residuals
2022-03-08 14:19:36,172:INFO:Fitting Model
2022-03-08 14:19:36,214:INFO:Scoring test/hold-out set
2022-03-08 14:19:37,166:INFO:Visual Rendered Successfully
2022-03-08 14:19:37,276:INFO:plot_model() succesfully completed......................................
2022-03-08 14:19:37,346:INFO:Initializing save_model()
2022-03-08 14:19:37,346:INFO:save_model(model=LinearRegression(copy_X=True, fit_intercept=True, n_jobs=-1, normalize=False), model_name=deployment_28042020, prep_pipe_=Pipeline(memory=None,
         steps=[('dtypes',
                 DataTypes_Auto_infer(categorical_features=[],
                                      display_types=True, features_todrop=[],
                                      id_columns=[], ml_usecase='regression',
                                      numerical_features=[], target='charges',
                                      time_features=[])),
                ('imputer',
                 Simple_Imputer(categorical_strategy='not_available',
                                fill_value_categorical=None,
                                fill_value_numerical=None,
                                numeric_strategy...
                ('dummy', Dummify(target='charges')),
                ('fix_perfect', Remove_100(target='charges')),
                ('clean_names', Clean_Colum_Names()),
                ('feature_select', 'passthrough'), ('fix_multi', 'passthrough'),
                ('dfs',
                 DFS_Classic(interactions=['multiply'], ml_usecase='regression',
                             n_jobs=-1, random_state=123, subclass='binary',
                             target='charges',
                             top_features_to_pick_percentage=None)),
                ('pca', 'passthrough')],
         verbose=False), verbose=True, kwargs={})
2022-03-08 14:19:37,346:INFO:Adding model into prep_pipe
2022-03-08 14:19:37,462:INFO:deployment_28042020.pkl saved in current working directory
2022-03-08 14:19:37,478:INFO:Pipeline(memory=None,
         steps=[('dtypes',
                 DataTypes_Auto_infer(categorical_features=[],
                                      display_types=True, features_todrop=[],
                                      id_columns=[], ml_usecase='regression',
                                      numerical_features=[], target='charges',
                                      time_features=[])),
                ('imputer',
                 Simple_Imputer(categorical_strategy='not_available',
                                fill_value_categorical=None,
                                fill_value_numerical=None,
                                numeric_strategy...
                ('feature_select', 'passthrough'), ('fix_multi', 'passthrough'),
                ('dfs',
                 DFS_Classic(interactions=['multiply'], ml_usecase='regression',
                             n_jobs=-1, random_state=123, subclass='binary',
                             target='charges',
                             top_features_to_pick_percentage=None)),
                ('pca', 'passthrough'),
                ['trained_model',
                 LinearRegression(copy_X=True, fit_intercept=True, n_jobs=-1,
                                  normalize=False)]],
         verbose=False)
2022-03-08 14:19:37,478:INFO:save_model() successfully completed......................................
2022-03-08 14:19:38,401:INFO:Initializing load_model()
2022-03-08 14:19:38,401:INFO:load_model(model_name=deployment_28042020, platform=None, authentication=None, verbose=True)
